2023-08-20 12:01:23 INFO User 1234 logged in
2023-08-20 12:02:45 ERROR Database connection failed
2023-08-20 12:03:11 WARNING High memory usage detected
2023-08-20 12:04:32 INFO User 5678 logged out  
2023-08-20 12:05:15 ERROR Failed to load configuration file  
2023-08-20 12:06:27 WARNING Disk space running low  
2023-08-20 12:07:51 INFO User 9876 uploaded a file  
2023-08-20 12:08:13 ERROR Network timeout occurred  
2023-08-20 12:09:45 WARNING CPU temperature is above threshold  
2023-08-20 12:10:22 INFO Scheduled backup started  
2023-08-20 12:11:37 ERROR Unauthorized access attempt detected  
2023-08-20 12:12:59 WARNING Application response time is slow  
2023-08-20 12:14:05 INFO User 4321 changed account settings  
2023-08-20 12:15:48 ERROR Service X crashed unexpectedly  
2023-08-20 12:16:30 WARNING Unusual login pattern detected  
2023-08-20 12:18:00 INFO System update completed successfully  
2023-08-20 12:19:15 ERROR File system corruption detected  
2023-08-20 12:20:27 WARNING Network latency is high  
2023-08-20 12:21:10 INFO User 2468 changed password  
2023-08-20 12:22:35 ERROR API request to external service failed  
2023-08-20 12:23:58 WARNING Low battery on server UPS  
2023-08-20 12:25:12 INFO New user registration: User 1357  
2023-08-20 12:26:45 ERROR Permission denied while accessing /var/log/app.log  
2023-08-20 12:28:07 WARNING High number of failed login attempts detected  
2023-08-20 12:29:33 INFO User 7890 downloaded a report  
2023-08-20 12:31:20 ERROR Mail server connection failed  
2023-08-20 12:32:49 WARNING Memory leak detected in process ID 4821  
2023-08-20 12:34:05 INFO System reboot scheduled for maintenance  
2023-08-20 12:35:28 ERROR Unable to fetch data from database  
2023-08-20 12:37:14 WARNING SSL certificate expires in 3 days  
2023-08-20 12:39:00 INFO Background job 55 completed successfully  
2023-08-20 12:40:22 ERROR Disk read/write failure detected  
2023-08-20 12:42:10 WARNING Unusual outbound traffic detected  
2023-08-20 12:43:45 INFO User 6789 added a new payment method  
2023-08-20 12:45:30 ERROR Application failed to start due to missing dependencies  
2023-08-20 12:47:11 WARNING Suspicious process detected running as root  
2023-08-20 12:49:05 INFO Security scan completed with no issues  
2023-08-20 12:51:42 ERROR Firewall rule misconfiguration detected  
2023-08-20 12:01:23 INFO User 1234 logged in  
2023-08-20 12:02:45 ERROR Database connection failed  
2023-08-20 12:03:11 WARNING High memory usage detected  
2023-08-20 12:04:32 ERROR Database connection failed  
2023-08-20 12:05:45 INFO User 5678 logged out  
2023-08-20 12:06:11 ERROR Database connection failed  
2023-08-20 12:07:30 WARNING Disk space running low  
2023-08-20 12:08:13 ERROR Network timeout occurred  
2023-08-20 12:09:45 WARNING CPU temperature is above threshold  
2023-08-20 12:10:22 ERROR Database connection failed  
2023-08-20 12:11:37 ERROR Unauthorized access attempt detected  
2023-08-20 12:12:59 WARNING Application response time is slow  
2023-08-20 12:14:05 INFO User 4321 changed account settings  
2023-08-20 12:15:48 ERROR Database connection failed  
2023-08-20 12:16:30 WARNING Unusual login pattern detected  
2023-08-20 12:18:00 INFO System update completed successfully  
2023-08-20 12:19:15 ERROR Database connection failed  
2023-08-20 12:20:27 WARNING Network latency is high  
2023-08-20 12:21:10 ERROR Database connection failed  
2023-08-20 12:22:35 ERROR API request to external service failed  
2023-08-20 12:23:58 WARNING Low battery on server UPS  
2023-08-20 12:25:12 ERROR Database connection failed  
2023-08-20 12:01:23 INFO User 3412 updated profile settings  
2023-08-20 12:02:12 ERROR Payment processing failed for Order #56789  
2023-08-20 12:03:45 WARNING Server response time exceeded 5 seconds  
2023-08-20 12:04:30 INFO Scheduled database backup started  
2023-08-20 12:05:14 ERROR Invalid credentials provided for API authentication  
2023-08-20 12:06:55 WARNING Excessive CPU usage detected on node-3  
2023-08-20 12:08:10 INFO Email verification completed for user 7654  
2023-08-20 12:09:32 ERROR Failed to write to log file: Permission denied  
2023-08-20 12:10:47 WARNING System clock drift detected, syncing with NTP  
2023-08-20 12:12:18 INFO New plugin installed: SecurityMonitor v2.1  
2023-08-20 12:13:50 ERROR Data synchronization failed between primary and replica databases  
2023-08-20 12:15:22 WARNING SSL handshake failed with external API  
2023-08-20 12:16:44 INFO User 9988 deactivated their account  
2023-08-20 12:18:09 ERROR Web server returned HTTP 500 for /checkout  
2023-08-20 12:19:33 WARNING Possible DNS misconfiguration detected  
2023-08-20 12:21:01 INFO Maintenance mode activated by admin  
2023-08-20 12:22:27 ERROR Email delivery failed: SMTP server not reachable  
2023-08-20 12:24:05 WARNING High number of cache misses detected  
2023-08-20 12:25:49 INFO User 4432 generated API key  
2023-08-20 12:27:14 ERROR Session timeout: User 6521 auto-logged out  
2023-08-20 12:28:30 WARNING Low disk space on /dev/sda1  
2023-08-20 12:29:55 INFO Security scan completed: No threats detected  
2023-08-20 12:31:20 ERROR Unable to fetch user profile: Database query timeout  
2023-08-20 12:32:45 WARNING Configuration file missing required fields  
